<?xml version="1.0" encoding="UTF-8"?>
<testng-results skipped="0" failed="0" ignored="0" total="1" passed="1">
  <reporter-output>
  </reporter-output>
  <suite name="Default suite" duration-ms="59030" started-at="2018-09-04T22:05:00Z" finished-at="2018-09-04T22:05:59Z">
    <groups>
    </groups>
    <test name="Default test" duration-ms="59030" started-at="2018-09-04T22:05:00Z" finished-at="2018-09-04T22:05:59Z">
      <class name="appiumWebCheck.StartApk">
        <test-method status="PASS" signature="test1()[pri:0, instance:appiumWebCheck.StartApk@17579e0f]" name="test1" duration-ms="59007" started-at="2018-09-04T22:05:00Z" finished-at="2018-09-04T22:05:59Z">
          <reporter-output>
          </reporter-output>
        </test-method> <!-- test1 -->
      </class> <!-- appiumWebCheck.StartApk -->
    </test> <!-- Default test -->
  </suite> <!-- Default suite -->
</testng-results>
